info: ** No persistent storage method specified! Data may be lost when process shuts down.
info: ** Setting up custom handlers for processing Slack messages
info: ** API CALL: https://slack.com/api/rtm.start
notice: ** BOT ID: qwertea_bot ...attempting to connect to RTM!
notice: RTM websocket opened
info: ** API CALL: https://slack.com/api/channels.list
info: ** API CALL: https://slack.com/api/users.list
info: ** API CALL: https://slack.com/api/users.list
OkPacket {
  fieldCount: 0,
  affectedRows: 1,
  insertId: 0,
  serverStatus: 2,
  warningCount: 0,
  message: '',
  protocol41: true,
  changedRows: 0 }
info: ** API CALL: https://slack.com/api/chat.postMessage
info: ** API CALL: https://slack.com/api/users.list
info: ** API CALL: https://slack.com/api/chat.postMessage
OkPacket {
  fieldCount: 0,
  affectedRows: 1,
  insertId: 0,
  serverStatus: 2,
  warningCount: 0,
  message: '',
  protocol41: true,
  changedRows: 0 }
info: ** API CALL: https://slack.com/api/chat.postMessage
info: ** API CALL: https://slack.com/api/users.list
info: ** API CALL: https://slack.com/api/chat.postMessage
info: ** API CALL: https://slack.com/api/chat.postMessage
OkPacket {
  fieldCount: 0,
  affectedRows: 1,
  insertId: 0,
  serverStatus: 2,
  warningCount: 0,
  message: '',
  protocol41: true,
  changedRows: 0 }
info: ** API CALL: https://slack.com/api/chat.postMessage
info: ** API CALL: https://slack.com/api/users.list
info: ** API CALL: https://slack.com/api/chat.postMessage
OkPacket {
  fieldCount: 0,
  affectedRows: 1,
  insertId: 0,
  serverStatus: 2,
  warningCount: 0,
  message: '',
  protocol41: true,
  changedRows: 0 }
info: ** API CALL: https://slack.com/api/chat.postMessage
info: ** API CALL: https://slack.com/api/users.list
info: ** API CALL: https://slack.com/api/chat.postMessage
info: ** API CALL: https://slack.com/api/chat.postMessage
info: ** API CALL: https://slack.com/api/chat.postMessage
info: ** API CALL: https://slack.com/api/chat.postMessage
OkPacket {
  fieldCount: 0,
  affectedRows: 1,
  insertId: 0,
  serverStatus: 2,
  warningCount: 0,
  message: '',
  protocol41: true,
  changedRows: 0 }
info: ** API CALL: https://slack.com/api/chat.postMessage
info: ** API CALL: https://slack.com/api/users.list
info: ** API CALL: https://slack.com/api/chat.postMessage
OkPacket {
  fieldCount: 0,
  affectedRows: 1,
  insertId: 0,
  serverStatus: 2,
  warningCount: 0,
  message: '',
  protocol41: true,
  changedRows: 0 }
info: ** API CALL: https://slack.com/api/chat.postMessage
info: ** API CALL: https://slack.com/api/users.list
info: ** API CALL: https://slack.com/api/chat.postMessage
info: ** API CALL: https://slack.com/api/chat.postMessage
OkPacket {
  fieldCount: 0,
  affectedRows: 1,
  insertId: 0,
  serverStatus: 2,
  warningCount: 0,
  message: '',
  protocol41: true,
  changedRows: 0 }
info: ** API CALL: https://slack.com/api/chat.postMessage
info: ** API CALL: https://slack.com/api/users.list
info: ** API CALL: https://slack.com/api/chat.postMessage
info: ** API CALL: https://slack.com/api/chat.postMessage
info: ** API CALL: https://slack.com/api/chat.postMessage
OkPacket {
  fieldCount: 0,
  affectedRows: 1,
  insertId: 0,
  serverStatus: 2,
  warningCount: 0,
  message: '',
  protocol41: true,
  changedRows: 0 }
info: ** API CALL: https://slack.com/api/chat.postMessage
info: ** API CALL: https://slack.com/api/users.list
info: ** API CALL: https://slack.com/api/chat.postMessage
info: ** API CALL: https://slack.com/api/chat.postMessage
info: ** API CALL: https://slack.com/api/chat.postMessage
info: ** API CALL: https://slack.com/api/chat.postMessage
info: ** API CALL: https://slack.com/api/chat.postMessage
info: ** API CALL: https://slack.com/api/chat.postMessage
info: ** API CALL: https://slack.com/api/chat.postMessage
info: ** API CALL: https://slack.com/api/chat.postMessage
info: ** API CALL: https://slack.com/api/chat.postMessage
info: ** API CALL: https://slack.com/api/chat.postMessage
info: ** API CALL: https://slack.com/api/chat.postMessage
info: ** API CALL: https://slack.com/api/chat.postMessage
info: ** API CALL: https://slack.com/api/users.list
info: ** API CALL: https://slack.com/api/users.list
info: ** API CALL: https://slack.com/api/chat.postMessage
info: ** API CALL: https://slack.com/api/chat.postMessage
info: ** API CALL: https://slack.com/api/chat.postMessage
events.js:141
      throw er; // Unhandled 'error' event
      ^

Error: Connection lost: The server closed the connection.
    at Protocol.end (/var/www/qwerteabot/node_modules/mysql/lib/protocol/Protocol.js:109:13)
    at Socket.<anonymous> (/var/www/qwerteabot/node_modules/mysql/lib/Connection.js:115:28)
    at emitNone (events.js:72:20)
    at Socket.emit (events.js:166:7)
    at endReadableNT (_stream_readable.js:905:12)
    at nextTickCallbackWith2Args (node.js:441:9)
    at process._tickCallback (node.js:355:17)
error: Forever detected script exited with code: 1
error: Script restart attempt #1
info: ** No persistent storage method specified! Data may be lost when process shuts down.
info: ** Setting up custom handlers for processing Slack messages
info: ** API CALL: https://slack.com/api/rtm.start
notice: ** BOT ID: qwertea_bot ...attempting to connect to RTM!
notice: RTM websocket opened
info: ** API CALL: https://slack.com/api/channels.list
info: ** API CALL: https://slack.com/api/users.list
